[19May2025 00:00:00.575] [Server thread/INFO] [net.minecraft.server.MinecraftServer/]: [Not Secure] <Xandroid3X> NAAA
[19May2025 00:00:03.184] [Server thread/INFO] [net.minecraft.server.MinecraftServer/]: [Not Secure] <Xandroid3X> EL CAVE DWELLER
[19May2025 00:00:10.695] [Server thread/INFO] [net.minecraft.server.MinecraftServer/]: [Not Secure] <Xandroid3X> ESCAPO
[19May2025 00:00:17.199] [Server thread/INFO] [net.minecraft.server.MinecraftServer/]: [Not Secure] <Xandroid3X> LE DI MIEDO GG EZZZ
[19May2025 00:00:24.967] [Server thread/WARN] [net.minecraft.server.level.ServerLevel/]: Tried to add entity prionmod:nightwalker but it was marked as removed already
[19May2025 00:00:53.397] [Server thread/INFO] [net.minecraft.server.MinecraftServer/]: [Not Secure] <junioxd> bro no encuentro mitumba
[19May2025 00:00:58.080] [Server thread/INFO] [net.minecraft.server.MinecraftServer/]: [Not Secure] <junioxd> .
[19May2025 00:01:31.202] [Server thread/INFO] [net.minecraft.server.MinecraftServer/]: [Not Secure] <Xandroid3X> efe
[19May2025 00:01:48.612] [Server thread/INFO] [com.lgow.endofherobrine.entity.herobrine.AbstractHerobrine/]: LURKER spawned at BlockPos{x=-66, y=79, z=309}
[19May2025 00:01:58.481] [Server thread/INFO] [net.minecraft.server.MinecraftServer/]: [Not Secure] <junioxd> se bugeo :(
[19May2025 00:02:02.430] [Server thread/INFO] [net.minecraft.server.MinecraftServer/]: [Not Secure] <Xandroid3X> no
[19May2025 00:02:09.568] [Server thread/WARN] [net.minecraft.server.level.ServerLevel/]: Tried to add entity prionmod:nightwalker but it was marked as removed already
[19May2025 00:02:09.924] [Server thread/WARN] [net.minecraft.server.level.ServerLevel/]: Tried to add entity prionmod:nightwalker but it was marked as removed already
[19May2025 00:02:23.380] [Server thread/INFO] [net.minecraft.server.MinecraftServer/]: [Not Secure] <Xandroid3X> jun
[19May2025 00:02:34.871] [Server thread/INFO] [net.minecraft.server.MinecraftServer/]: [Not Secure] <junioxd> herobrine
[19May2025 00:02:49.225] [Server thread/WARN] [net.minecraft.server.level.ServerLevel/]: Tried to add entity prionmod:nightwalker but it was marked as removed already
[19May2025 00:02:49.618] [Server thread/WARN] [net.minecraft.server.level.ServerLevel/]: Tried to add entity prionmod:nightwalker but it was marked as removed already
[19May2025 00:02:50.368] [Server thread/WARN] [net.minecraft.server.level.ServerLevel/]: Tried to add entity prionmod:nightwalker but it was marked as removed already
[19May2025 00:02:57.816] [Server thread/WARN] [net.minecraft.server.level.ServerLevel/]: Tried to add entity prionmod:nightwalker but it was marked as removed already
[19May2025 00:03:03.966] [Server thread/WARN] [net.minecraft.server.level.ServerLevel/]: Tried to add entity prionmod:nightwalker but it was marked as removed already
[19May2025 00:03:43.453] [Server thread/INFO] [net.minecraft.server.MinecraftServer/]: [Not Secure] <Xandroid3X> busca
[19May2025 00:03:44.123] [Server thread/INFO] [net.minecraft.server.MinecraftServer/]: [Not Secure] <Xandroid3X> en
[19May2025 00:03:48.305] [Server thread/INFO] [net.minecraft.server.MinecraftServer/]: [Not Secure] <Xandroid3X> teclado
[19May2025 00:03:54.251] [Server thread/INFO] [net.minecraft.server.MinecraftServer/]: [Not Secure] <Xandroid3X> o telcas
[19May2025 00:04:03.347] [Server thread/INFO] [net.minecraft.server.MinecraftServer/]: [Not Secure] <Xandroid3X> el nombre de las tumbas
[19May2025 00:04:12.838] [Server thread/INFO] [net.minecraft.server.MinecraftServer/]: [Not Secure] <Xandroid3X> y knowledge of death
[19May2025 00:04:13.054] [Server thread/INFO] [net.minecraft.server.MinecraftServer/]: [Not Secure] <junioxd> estoy abajo de la tumba donde me mori
[19May2025 00:04:14.933] [Server thread/INFO] [net.minecraft.server.MinecraftServer/]: [Not Secure] <Xandroid3X> algo asi
[19May2025 00:04:16.238] [Server thread/INFO] [net.minecraft.server.MinecraftServer/]: [Not Secure] <junioxd> no esta
[19May2025 00:04:18.722] [Server thread/INFO] [net.minecraft.server.MinecraftServer/]: [Not Secure] <Xandroid3X> pera
[19May2025 00:04:19.875] [Server thread/INFO] [net.minecraft.server.MinecraftServer/]: [Not Secure] <Xandroid3X> bro
[19May2025 00:04:35.060] [Server thread/INFO] [net.minecraft.server.MinecraftServer/]: [Not Secure] <Xandroid3X> pon alguna tecla en knowledge of death
[19May2025 00:04:56.202] [Server thread/INFO] [net.minecraft.server.MinecraftServer/]: [Not Secure] <Xandroid3X> y luego mejora la llave
[19May2025 00:05:03.228] [Server thread/INFO] [net.minecraft.server.MinecraftServer/]: [Not Secure] <Xandroid3X> solo le das click y ya
[19May2025 00:05:06.825] [Server thread/INFO] [net.minecraft.server.MinecraftServer/]: [Not Secure] <Xandroid3X> no mejores nada mas
[19May2025 00:05:36.729] [Server thread/INFO] [net.minecraft.server.MinecraftServer/]: [Not Secure] <Xandroid3X> si pudiste?
[19May2025 00:06:12.243] [Server thread/INFO] [net.minecraft.server.MinecraftServer/]: [Not Secure] <junioxd> broo
[19May2025 00:06:13.911] [Server thread/INFO] [net.minecraft.server.MinecraftServer/]: [Not Secure] <junioxd> no lo tapes
[19May2025 00:06:23.830] [Server thread/INFO] [net.minecraft.server.MinecraftServer/]: [Not Secure] <Xandroid3X> donde s
[19May2025 00:06:25.240] [Server thread/INFO] [net.minecraft.server.MinecraftServer/]: [Not Secure] <Xandroid3X> es
[19May2025 00:06:33.921] [Server thread/INFO] [net.minecraft.server.MinecraftServer/]: [Not Secure] <junioxd> estas parado justo ahi
[19May2025 00:06:40.110] [Server thread/INFO] [net.minecraft.server.MinecraftServer/]: [Not Secure] <Xandroid3X> aki?
[19May2025 00:06:47.051] [Server thread/INFO] [net.minecraft.server.MinecraftServer/]: [Not Secure] <junioxd> y aqui t ambien
[19May2025 00:07:12.299] [Server thread/INFO] [net.minecraft.server.MinecraftServer/]: [Not Secure] <Xandroid3X> abajo hay bedrock
[19May2025 00:08:14.771] [Server thread/INFO] [net.minecraft.server.MinecraftServer/]: junioxd has reached the goal [Die Classy]
[19May2025 00:08:42.769] [Server thread/INFO] [net.minecraft.server.MinecraftServer/]: [Not Secure] <Xandroid3X> y si la busco en modo espectador
[19May2025 00:08:50.478] [Server thread/INFO] [net.minecraft.server.MinecraftServer/]: [Not Secure] <junioxd> si
[19May2025 00:08:56.924] [Server thread/INFO] [net.minecraft.server.MinecraftServer/]: [Not Secure] <Xandroid3X> vale deja me pongo op
[19May2025 00:08:59.670] [Server thread/INFO] [net.minecraft.server.network.ServerGamePacketListenerImpl/]: Xandroid3X lost connection: Disconnected
[19May2025 00:08:59.670] [Server thread/INFO] [net.minecraft.server.MinecraftServer/]: Xandroid3X left the game
